.buildozer/android/platform/build-armeabi-v7a/dists/ospapp__armeabi-v7a/build/outputs/logs/manifest-merger-debug-report.txt
-- Merging decision tree log ---
manifest
ADDED from src/main/AndroidManifest.xml:5:1-92:12
INJECTED from src/main/AndroidManifest.xml:5:1-92:12
INJECTED from src/main/AndroidManifest.xml:5:1-92:12
INJECTED from src/main/AndroidManifest.xml:5:1-92:12
INJECTED from src/main/AndroidManifest.xml:5:1-92:12
	package
		ADDED from src/main/AndroidManifest.xml:6:7-34
	android:versionName
		ADDED from src/main/AndroidManifest.xml:8:7-32
		INJECTED from src/main/AndroidManifest.xml
		INJECTED from src/main/AndroidManifest.xml
	xmlns:android
		ADDED from src/main/AndroidManifest.xml:5:11-69
	android:versionCode
		ADDED from src/main/AndroidManifest.xml:7:7-33
		INJECTED from src/main/AndroidManifest.xml
		INJECTED from src/main/AndroidManifest.xml
	android:installLocation
		ADDED from src/main/AndroidManifest.xml:9:7-37
supports-screens
ADDED from src/main/AndroidManifest.xml:11:5-19:7
	android:largeScreens
		ADDED from src/main/AndroidManifest.xml:14:13-40
	android:smallScreens
		ADDED from src/main/AndroidManifest.xml:12:13-40
	android:normalScreens
		ADDED from src/main/AndroidManifest.xml:13:13-41
	android:xlargeScreens
		ADDED from src/main/AndroidManifest.xml:17:13-41
	android:anyDensity
		ADDED from src/main/AndroidManifest.xml:15:13-38
uses-sdk
ADDED from src/main/AndroidManifest.xml:22:5-74
INJECTED from src/main/AndroidManifest.xml:22:5-74
INJECTED from src/main/AndroidManifest.xml:22:5-74
INJECTED from src/main/AndroidManifest.xml:22:5-74
INJECTED from src/main/AndroidManifest.xml:22:5-74
	android:targetSdkVersion
		ADDED from src/main/AndroidManifest.xml:22:42-71
		INJECTED from src/main/AndroidManifest.xml
		INJECTED from src/main/AndroidManifest.xml
	android:minSdkVersion
		ADDED from src/main/AndroidManifest.xml:22:15-41
		INJECTED from src/main/AndroidManifest.xml
		INJECTED from src/main/AndroidManifest.xml
uses-feature#0x00020000
ADDED from src/main/AndroidManifest.xml:25:5-54
	android:glEsVersion
		ADDED from src/main/AndroidManifest.xml:25:19-51
uses-permission#android.permission.WRITE_EXTERNAL_STORAGE
ADDED from src/main/AndroidManifest.xml:28:5-81
	android:name
		ADDED from src/main/AndroidManifest.xml:28:22-78
uses-permission#android.permission.INTERNET
ADDED from src/main/AndroidManifest.xml:31:5-67
	android:name
		ADDED from src/main/AndroidManifest.xml:31:22-64
application
ADDED from src/main/AndroidManifest.xml:55:5-90:19
	android:label
		ADDED from src/main/AndroidManifest.xml:55:18-50
	android:hardwareAccelerated
		ADDED from src/main/AndroidManifest.xml:60:18-52
	android:debuggable
		ADDED from src/main/AndroidManifest.xml:56:18-43
	android:icon
		ADDED from src/main/AndroidManifest.xml:57:18-47
	android:allowBackup
		ADDED from src/main/AndroidManifest.xml:58:18-44
	android:theme
		ADDED from src/main/AndroidManifest.xml:59:18-65
meta-data#wakelock
ADDED from src/main/AndroidManifest.xml:64:9-63
	android:value
		ADDED from src/main/AndroidManifest.xml:64:44-61
	android:name
		ADDED from src/main/AndroidManifest.xml:64:20-43
activity#org.kivy.android.PythonActivity
ADDED from src/main/AndroidManifest.xml:66:9-80:24
	android:screenOrientation
		ADDED from src/main/AndroidManifest.xml:69:19-55
	android:label
		ADDED from src/main/AndroidManifest.xml:67:19-51
	android:launchMode
		ADDED from src/main/AndroidManifest.xml:71:19-50
	android:configChanges
		ADDED from src/main/AndroidManifest.xml:68:19-199
	android:name
		ADDED from src/main/AndroidManifest.xml:66:19-65
intent-filter#action:name:android.intent.action.MAIN+category:name:android.intent.category.LAUNCHER
ADDED from src/main/AndroidManifest.xml:76:13-79:29
action#android.intent.action.MAIN
ADDED from src/main/AndroidManifest.xml:77:17-69
	android:name
		ADDED from src/main/AndroidManifest.xml:77:25-66
category#android.intent.category.LAUNCHER
ADDED from src/main/AndroidManifest.xml:78:17-77
	android:name
		ADDED from src/main/AndroidManifest.xml:78:27-74